[2024-07-12 07:56:18] local.ERROR: include(D:\kaufland-coding-test\kaufland-data-feed\vendor\composer/../../app/Providers/AppServiceProvider.php): Failed to open stream: No such file or directory {"exception":"[object] (ErrorException(code: 0): include(D:\\kaufland-coding-test\\kaufland-data-feed\\vendor\\composer/../../app/Providers/AppServiceProvider.php): Failed to open stream: No such file or directory at D:\\kaufland-coding-test\\kaufland-data-feed\\vendor\\composer\\ClassLoader.php:576)
[stacktrace]
#0 D:\\kaufland-coding-test\\kaufland-data-feed\\vendor\\laravel\\framework\\src\\Illuminate\\Foundation\\Bootstrap\\HandleExceptions.php(256): Illuminate\\Foundation\\Bootstrap\\HandleExceptions->handleError()
#1 D:\\kaufland-coding-test\\kaufland-data-feed\\vendor\\composer\\ClassLoader.php(576): Illuminate\\Foundation\\Bootstrap\\HandleExceptions->Illuminate\\Foundation\\Bootstrap\\{closure}()
#2 D:\\kaufland-coding-test\\kaufland-data-feed\\vendor\\composer\\ClassLoader.php(576): include('...')
#3 D:\\kaufland-coding-test\\kaufland-data-feed\\vendor\\composer\\ClassLoader.php(427): Composer\\Autoload\\{closure}()
#4 D:\\kaufland-coding-test\\kaufland-data-feed\\vendor\\laravel\\framework\\src\\Illuminate\\Foundation\\Application.php(933): Composer\\Autoload\\ClassLoader->loadClass()
#5 D:\\kaufland-coding-test\\kaufland-data-feed\\vendor\\laravel\\framework\\src\\Illuminate\\Foundation\\Application.php(865): Illuminate\\Foundation\\Application->resolveProvider()
#6 D:\\kaufland-coding-test\\kaufland-data-feed\\vendor\\laravel\\framework\\src\\Illuminate\\Foundation\\ProviderRepository.php(75): Illuminate\\Foundation\\Application->register()
#7 D:\\kaufland-coding-test\\kaufland-data-feed\\vendor\\laravel\\framework\\src\\Illuminate\\Foundation\\Application.php(843): Illuminate\\Foundation\\ProviderRepository->load()
#8 D:\\kaufland-coding-test\\kaufland-data-feed\\vendor\\laravel\\framework\\src\\Illuminate\\Foundation\\Bootstrap\\RegisterProviders.php(37): Illuminate\\Foundation\\Application->registerConfiguredProviders()
#9 D:\\kaufland-coding-test\\kaufland-data-feed\\vendor\\laravel\\framework\\src\\Illuminate\\Foundation\\Application.php(316): Illuminate\\Foundation\\Bootstrap\\RegisterProviders->bootstrap()
#10 D:\\kaufland-coding-test\\kaufland-data-feed\\vendor\\laravel\\framework\\src\\Illuminate\\Foundation\\Console\\Kernel.php(470): Illuminate\\Foundation\\Application->bootstrapWith()
#11 D:\\kaufland-coding-test\\kaufland-data-feed\\vendor\\laravel\\framework\\src\\Illuminate\\Foundation\\Console\\Kernel.php(194): Illuminate\\Foundation\\Console\\Kernel->bootstrap()
#12 D:\\kaufland-coding-test\\kaufland-data-feed\\vendor\\laravel\\framework\\src\\Illuminate\\Foundation\\Application.php(1203): Illuminate\\Foundation\\Console\\Kernel->handle()
#13 D:\\kaufland-coding-test\\kaufland-data-feed\\artisan(13): Illuminate\\Foundation\\Application->handleCommand()
#14 {main}
"} 
[2024-07-12 07:56:40] local.ERROR: require(D:\kaufland-coding-test\kaufland-data-feed\bootstrap/../routes/web.php): Failed to open stream: No such file or directory {"exception":"[object] (ErrorException(code: 0): require(D:\\kaufland-coding-test\\kaufland-data-feed\\bootstrap/../routes/web.php): Failed to open stream: No such file or directory at D:\\kaufland-coding-test\\kaufland-data-feed\\vendor\\laravel\\framework\\src\\Illuminate\\Routing\\RouteFileRegistrar.php:35)
[stacktrace]
#0 D:\\kaufland-coding-test\\kaufland-data-feed\\vendor\\laravel\\framework\\src\\Illuminate\\Foundation\\Bootstrap\\HandleExceptions.php(256): Illuminate\\Foundation\\Bootstrap\\HandleExceptions->handleError()
#1 D:\\kaufland-coding-test\\kaufland-data-feed\\vendor\\laravel\\framework\\src\\Illuminate\\Routing\\RouteFileRegistrar.php(35): Illuminate\\Foundation\\Bootstrap\\HandleExceptions->Illuminate\\Foundation\\Bootstrap\\{closure}()
#2 D:\\kaufland-coding-test\\kaufland-data-feed\\vendor\\laravel\\framework\\src\\Illuminate\\Routing\\RouteFileRegistrar.php(35): require('...')
#3 D:\\kaufland-coding-test\\kaufland-data-feed\\vendor\\laravel\\framework\\src\\Illuminate\\Routing\\Router.php(513): Illuminate\\Routing\\RouteFileRegistrar->register()
#4 D:\\kaufland-coding-test\\kaufland-data-feed\\vendor\\laravel\\framework\\src\\Illuminate\\Routing\\Router.php(467): Illuminate\\Routing\\Router->loadRoutes()
#5 D:\\kaufland-coding-test\\kaufland-data-feed\\vendor\\laravel\\framework\\src\\Illuminate\\Routing\\RouteRegistrar.php(194): Illuminate\\Routing\\Router->group()
#6 D:\\kaufland-coding-test\\kaufland-data-feed\\vendor\\laravel\\framework\\src\\Illuminate\\Foundation\\Configuration\\ApplicationBuilder.php(221): Illuminate\\Routing\\RouteRegistrar->group()
#7 D:\\kaufland-coding-test\\kaufland-data-feed\\vendor\\laravel\\framework\\src\\Illuminate\\Container\\BoundMethod.php(36): Illuminate\\Foundation\\Configuration\\ApplicationBuilder->Illuminate\\Foundation\\Configuration\\{closure}()
#8 D:\\kaufland-coding-test\\kaufland-data-feed\\vendor\\laravel\\framework\\src\\Illuminate\\Container\\Util.php(41): Illuminate\\Container\\BoundMethod::Illuminate\\Container\\{closure}()
#9 D:\\kaufland-coding-test\\kaufland-data-feed\\vendor\\laravel\\framework\\src\\Illuminate\\Container\\BoundMethod.php(81): Illuminate\\Container\\Util::unwrapIfClosure()
#10 D:\\kaufland-coding-test\\kaufland-data-feed\\vendor\\laravel\\framework\\src\\Illuminate\\Container\\BoundMethod.php(35): Illuminate\\Container\\BoundMethod::callBoundMethod()
#11 D:\\kaufland-coding-test\\kaufland-data-feed\\vendor\\laravel\\framework\\src\\Illuminate\\Container\\Container.php(690): Illuminate\\Container\\BoundMethod::call()
#12 D:\\kaufland-coding-test\\kaufland-data-feed\\vendor\\laravel\\framework\\src\\Illuminate\\Foundation\\Support\\Providers\\RouteServiceProvider.php(162): Illuminate\\Container\\Container->call()
#13 D:\\kaufland-coding-test\\kaufland-data-feed\\vendor\\laravel\\framework\\src\\Illuminate\\Foundation\\Support\\Providers\\RouteServiceProvider.php(59): Illuminate\\Foundation\\Support\\Providers\\RouteServiceProvider->loadRoutes()
#14 D:\\kaufland-coding-test\\kaufland-data-feed\\vendor\\laravel\\framework\\src\\Illuminate\\Container\\BoundMethod.php(36): Illuminate\\Foundation\\Support\\Providers\\RouteServiceProvider->Illuminate\\Foundation\\Support\\Providers\\{closure}()
#15 D:\\kaufland-coding-test\\kaufland-data-feed\\vendor\\laravel\\framework\\src\\Illuminate\\Container\\Util.php(41): Illuminate\\Container\\BoundMethod::Illuminate\\Container\\{closure}()
#16 D:\\kaufland-coding-test\\kaufland-data-feed\\vendor\\laravel\\framework\\src\\Illuminate\\Container\\BoundMethod.php(81): Illuminate\\Container\\Util::unwrapIfClosure()
#17 D:\\kaufland-coding-test\\kaufland-data-feed\\vendor\\laravel\\framework\\src\\Illuminate\\Container\\BoundMethod.php(35): Illuminate\\Container\\BoundMethod::callBoundMethod()
#18 D:\\kaufland-coding-test\\kaufland-data-feed\\vendor\\laravel\\framework\\src\\Illuminate\\Container\\Container.php(690): Illuminate\\Container\\BoundMethod::call()
#19 D:\\kaufland-coding-test\\kaufland-data-feed\\vendor\\laravel\\framework\\src\\Illuminate\\Support\\ServiceProvider.php(126): Illuminate\\Container\\Container->call()
#20 D:\\kaufland-coding-test\\kaufland-data-feed\\vendor\\laravel\\framework\\src\\Illuminate\\Foundation\\Application.php(1122): Illuminate\\Support\\ServiceProvider->callBootedCallbacks()
#21 D:\\kaufland-coding-test\\kaufland-data-feed\\vendor\\laravel\\framework\\src\\Illuminate\\Foundation\\Application.php(1100): Illuminate\\Foundation\\Application->bootProvider()
#22 [internal function]: Illuminate\\Foundation\\Application->Illuminate\\Foundation\\{closure}()
#23 D:\\kaufland-coding-test\\kaufland-data-feed\\vendor\\laravel\\framework\\src\\Illuminate\\Foundation\\Application.php(1099): array_walk()
#24 D:\\kaufland-coding-test\\kaufland-data-feed\\vendor\\laravel\\framework\\src\\Illuminate\\Foundation\\Bootstrap\\BootProviders.php(17): Illuminate\\Foundation\\Application->boot()
#25 D:\\kaufland-coding-test\\kaufland-data-feed\\vendor\\laravel\\framework\\src\\Illuminate\\Foundation\\Application.php(316): Illuminate\\Foundation\\Bootstrap\\BootProviders->bootstrap()
#26 D:\\kaufland-coding-test\\kaufland-data-feed\\vendor\\laravel\\framework\\src\\Illuminate\\Foundation\\Console\\Kernel.php(470): Illuminate\\Foundation\\Application->bootstrapWith()
#27 D:\\kaufland-coding-test\\kaufland-data-feed\\vendor\\laravel\\framework\\src\\Illuminate\\Foundation\\Console\\Kernel.php(194): Illuminate\\Foundation\\Console\\Kernel->bootstrap()
#28 D:\\kaufland-coding-test\\kaufland-data-feed\\vendor\\laravel\\framework\\src\\Illuminate\\Foundation\\Application.php(1203): Illuminate\\Foundation\\Console\\Kernel->handle()
#29 D:\\kaufland-coding-test\\kaufland-data-feed\\artisan(13): Illuminate\\Foundation\\Application->handleCommand()
#30 {main}
"} 
[2024-07-12 08:00:10] local.ERROR: require(D:\kaufland-coding-test\kaufland-data-feed\bootstrap/../routes/web.php): Failed to open stream: No such file or directory {"exception":"[object] (ErrorException(code: 0): require(D:\\kaufland-coding-test\\kaufland-data-feed\\bootstrap/../routes/web.php): Failed to open stream: No such file or directory at D:\\kaufland-coding-test\\kaufland-data-feed\\vendor\\laravel\\framework\\src\\Illuminate\\Routing\\RouteFileRegistrar.php:35)
[stacktrace]
#0 D:\\kaufland-coding-test\\kaufland-data-feed\\vendor\\laravel\\framework\\src\\Illuminate\\Foundation\\Bootstrap\\HandleExceptions.php(256): Illuminate\\Foundation\\Bootstrap\\HandleExceptions->handleError()
#1 D:\\kaufland-coding-test\\kaufland-data-feed\\vendor\\laravel\\framework\\src\\Illuminate\\Routing\\RouteFileRegistrar.php(35): Illuminate\\Foundation\\Bootstrap\\HandleExceptions->Illuminate\\Foundation\\Bootstrap\\{closure}()
#2 D:\\kaufland-coding-test\\kaufland-data-feed\\vendor\\laravel\\framework\\src\\Illuminate\\Routing\\RouteFileRegistrar.php(35): require('...')
#3 D:\\kaufland-coding-test\\kaufland-data-feed\\vendor\\laravel\\framework\\src\\Illuminate\\Routing\\Router.php(513): Illuminate\\Routing\\RouteFileRegistrar->register()
#4 D:\\kaufland-coding-test\\kaufland-data-feed\\vendor\\laravel\\framework\\src\\Illuminate\\Routing\\Router.php(467): Illuminate\\Routing\\Router->loadRoutes()
#5 D:\\kaufland-coding-test\\kaufland-data-feed\\vendor\\laravel\\framework\\src\\Illuminate\\Routing\\RouteRegistrar.php(194): Illuminate\\Routing\\Router->group()
#6 D:\\kaufland-coding-test\\kaufland-data-feed\\vendor\\laravel\\framework\\src\\Illuminate\\Foundation\\Configuration\\ApplicationBuilder.php(221): Illuminate\\Routing\\RouteRegistrar->group()
#7 D:\\kaufland-coding-test\\kaufland-data-feed\\vendor\\laravel\\framework\\src\\Illuminate\\Container\\BoundMethod.php(36): Illuminate\\Foundation\\Configuration\\ApplicationBuilder->Illuminate\\Foundation\\Configuration\\{closure}()
#8 D:\\kaufland-coding-test\\kaufland-data-feed\\vendor\\laravel\\framework\\src\\Illuminate\\Container\\Util.php(41): Illuminate\\Container\\BoundMethod::Illuminate\\Container\\{closure}()
#9 D:\\kaufland-coding-test\\kaufland-data-feed\\vendor\\laravel\\framework\\src\\Illuminate\\Container\\BoundMethod.php(81): Illuminate\\Container\\Util::unwrapIfClosure()
#10 D:\\kaufland-coding-test\\kaufland-data-feed\\vendor\\laravel\\framework\\src\\Illuminate\\Container\\BoundMethod.php(35): Illuminate\\Container\\BoundMethod::callBoundMethod()
#11 D:\\kaufland-coding-test\\kaufland-data-feed\\vendor\\laravel\\framework\\src\\Illuminate\\Container\\Container.php(690): Illuminate\\Container\\BoundMethod::call()
#12 D:\\kaufland-coding-test\\kaufland-data-feed\\vendor\\laravel\\framework\\src\\Illuminate\\Foundation\\Support\\Providers\\RouteServiceProvider.php(162): Illuminate\\Container\\Container->call()
#13 D:\\kaufland-coding-test\\kaufland-data-feed\\vendor\\laravel\\framework\\src\\Illuminate\\Foundation\\Support\\Providers\\RouteServiceProvider.php(59): Illuminate\\Foundation\\Support\\Providers\\RouteServiceProvider->loadRoutes()
#14 D:\\kaufland-coding-test\\kaufland-data-feed\\vendor\\laravel\\framework\\src\\Illuminate\\Container\\BoundMethod.php(36): Illuminate\\Foundation\\Support\\Providers\\RouteServiceProvider->Illuminate\\Foundation\\Support\\Providers\\{closure}()
#15 D:\\kaufland-coding-test\\kaufland-data-feed\\vendor\\laravel\\framework\\src\\Illuminate\\Container\\Util.php(41): Illuminate\\Container\\BoundMethod::Illuminate\\Container\\{closure}()
#16 D:\\kaufland-coding-test\\kaufland-data-feed\\vendor\\laravel\\framework\\src\\Illuminate\\Container\\BoundMethod.php(81): Illuminate\\Container\\Util::unwrapIfClosure()
#17 D:\\kaufland-coding-test\\kaufland-data-feed\\vendor\\laravel\\framework\\src\\Illuminate\\Container\\BoundMethod.php(35): Illuminate\\Container\\BoundMethod::callBoundMethod()
#18 D:\\kaufland-coding-test\\kaufland-data-feed\\vendor\\laravel\\framework\\src\\Illuminate\\Container\\Container.php(690): Illuminate\\Container\\BoundMethod::call()
#19 D:\\kaufland-coding-test\\kaufland-data-feed\\vendor\\laravel\\framework\\src\\Illuminate\\Support\\ServiceProvider.php(126): Illuminate\\Container\\Container->call()
#20 D:\\kaufland-coding-test\\kaufland-data-feed\\vendor\\laravel\\framework\\src\\Illuminate\\Foundation\\Application.php(1122): Illuminate\\Support\\ServiceProvider->callBootedCallbacks()
#21 D:\\kaufland-coding-test\\kaufland-data-feed\\vendor\\laravel\\framework\\src\\Illuminate\\Foundation\\Application.php(1100): Illuminate\\Foundation\\Application->bootProvider()
#22 [internal function]: Illuminate\\Foundation\\Application->Illuminate\\Foundation\\{closure}()
#23 D:\\kaufland-coding-test\\kaufland-data-feed\\vendor\\laravel\\framework\\src\\Illuminate\\Foundation\\Application.php(1099): array_walk()
#24 D:\\kaufland-coding-test\\kaufland-data-feed\\vendor\\laravel\\framework\\src\\Illuminate\\Foundation\\Bootstrap\\BootProviders.php(17): Illuminate\\Foundation\\Application->boot()
#25 D:\\kaufland-coding-test\\kaufland-data-feed\\vendor\\laravel\\framework\\src\\Illuminate\\Foundation\\Application.php(316): Illuminate\\Foundation\\Bootstrap\\BootProviders->bootstrap()
#26 D:\\kaufland-coding-test\\kaufland-data-feed\\vendor\\laravel\\framework\\src\\Illuminate\\Foundation\\Console\\Kernel.php(470): Illuminate\\Foundation\\Application->bootstrapWith()
#27 D:\\kaufland-coding-test\\kaufland-data-feed\\vendor\\laravel\\framework\\src\\Illuminate\\Foundation\\Console\\Kernel.php(194): Illuminate\\Foundation\\Console\\Kernel->bootstrap()
#28 D:\\kaufland-coding-test\\kaufland-data-feed\\vendor\\laravel\\framework\\src\\Illuminate\\Foundation\\Application.php(1203): Illuminate\\Foundation\\Console\\Kernel->handle()
#29 D:\\kaufland-coding-test\\kaufland-data-feed\\artisan(13): Illuminate\\Foundation\\Application->handleCommand()
#30 {main}
"} 
